# JRE version: Java(TM) SE Runtime Environment (8.0_161-b12) (build 1.8.0_161-b12)
# Java VM: Java HotSpot(TM) 64-Bit Server VM (25.161-b12 mixed mode bsd-amd64 compressed oops)
Heap:
 PSYoungGen      total 219648K, used 30380K [0x0000000795580000, 0x00000007ad680000, 0x00000007c0000000)
  eden space 204288K, 7% used [0x0000000795580000,0x0000000796441df0,0x00000007a1d00000)
  from space 15360K, 99% used [0x00000007ac000000,0x00000007acee9438,0x00000007acf00000)
  to   space 7680K, 0% used [0x00000007acf00000,0x00000007acf00000,0x00000007ad680000)
 ParOldGen       total 48640K, used 23575K [0x0000000740000000, 0x0000000742f80000, 0x0000000795580000)
  object space 48640K, 48% used [0x0000000740000000,0x0000000741705e08,0x0000000742f80000)
 Metaspace       used 22278K, capacity 22774K, committed 23040K, reserved 1069056K
  class space    used 3127K, capacity 3270K, committed 3328K, reserved 1048576K
GC Heap History (10 events):
Event: 533.849 GC heap before
{Heap before GC invocations=20 (full 5):
 PSYoungGen      total 242688K, used 370K [0x0000000795580000, 0x00000007aee80000, 0x00000007c0000000)
  eden space 242176K, 0% used [0x0000000795580000,0x0000000795580000,0x00000007a4200000)
  from space 512K, 72% used [0x00000007adc80000,0x00000007adcdcaf0,0x00000007add00000)
  to   space 14336K, 0% used [0x00000007ae080000,0x00000007ae080000,0x00000007aee80000)
 ParOldGen       total 48640K, used 16288K [0x0000000740000000, 0x0000000742f80000, 0x0000000795580000)
  object space 48640K, 33% used [0x0000000740000000,0x0000000740fe8380,0x0000000742f80000)
 Metaspace       used 21355K, capacity 21756K, committed 21888K, reserved 1069056K
  class space    used 3085K, capacity 3195K, committed 3200K, reserved 1048576K
Event: 533.896 GC heap after
Heap after GC invocations=20 (full 5):
 PSYoungGen      total 242688K, used 0K [0x0000000795580000, 0x00000007aee80000, 0x00000007c0000000)
  eden space 242176K, 0% used [0x0000000795580000,0x0000000795580000,0x00000007a4200000)
  from space 512K, 0% used [0x00000007adc80000,0x00000007adc80000,0x00000007add00000)
  to   space 14336K, 0% used [0x00000007ae080000,0x00000007ae080000,0x00000007aee80000)
 ParOldGen       total 48640K, used 10441K [0x0000000740000000, 0x0000000742f80000, 0x0000000795580000)
  object space 48640K, 21% used [0x0000000740000000,0x0000000740a326c8,0x0000000742f80000)
 Metaspace       used 21355K, capacity 21756K, committed 21888K, reserved 1069056K
  class space    used 3085K, capacity 3195K, committed 3200K, reserved 1048576K
}
Event: 1080.529 GC heap before
{Heap before GC invocations=21 (full 5):
 PSYoungGen      total 242688K, used 235046K [0x0000000795580000, 0x00000007aee80000, 0x00000007c0000000)
  eden space 242176K, 97% used [0x0000000795580000,0x00000007a3b099a0,0x00000007a4200000)
  from space 512K, 0% used [0x00000007adc80000,0x00000007adc80000,0x00000007add00000)
  to   space 14336K, 0% used [0x00000007ae080000,0x00000007ae080000,0x00000007aee80000)
 ParOldGen       total 48640K, used 10441K [0x0000000740000000, 0x0000000742f80000, 0x0000000795580000)
  object space 48640K, 21% used [0x0000000740000000,0x0000000740a326c8,0x0000000742f80000)
 Metaspace       used 21572K, capacity 22048K, committed 22272K, reserved 1069056K
  class space    used 3123K, capacity 3269K, committed 3328K, reserved 1048576K
Event: 1080.533 GC heap after
Heap after GC invocations=21 (full 5):
 PSYoungGen      total 241664K, used 9231K [0x0000000795580000, 0x00000007aea00000, 0x00000007c0000000)
  eden space 231936K, 0% used [0x0000000795580000,0x0000000795580000,0x00000007a3800000)
  from space 9728K, 94% used [0x00000007ae080000,0x00000007ae983f18,0x00000007aea00000)
  to   space 14848K, 0% used [0x00000007acd00000,0x00000007acd00000,0x00000007adb80000)
 ParOldGen       total 48640K, used 10449K [0x0000000740000000, 0x0000000742f80000, 0x0000000795580000)
  object space 48640K, 21% used [0x0000000740000000,0x0000000740a346c8,0x0000000742f80000)
 Metaspace       used 21572K, capacity 22048K, committed 22272K, reserved 1069056K
  class space    used 3123K, capacity 3269K, committed 3328K, reserved 1048576K
}
Event: 1228.727 GC heap before
{Heap before GC invocations=22 (full 5):
 PSYoungGen      total 241664K, used 233499K [0x0000000795580000, 0x00000007aea00000, 0x00000007c0000000)
  eden space 231936K, 96% used [0x0000000795580000,0x00000007a3082dc8,0x00000007a3800000)
  from space 9728K, 94% used [0x00000007ae080000,0x00000007ae983f18,0x00000007aea00000)
  to   space 14848K, 0% used [0x00000007acd00000,0x00000007acd00000,0x00000007adb80000)
 ParOldGen       total 48640K, used 10449K [0x0000000740000000, 0x0000000742f80000, 0x0000000795580000)
  object space 48640K, 21% used [0x0000000740000000,0x0000000740a346c8,0x0000000742f80000)
 Metaspace       used 22010K, capacity 22502K, committed 22784K, reserved 1069056K
  class space    used 3124K, capacity 3270K, committed 3328K, reserved 1048576K
Event: 1228.732 GC heap after
Heap after GC invocations=22 (full 5):
 PSYoungGen      total 231424K, used 9071K [0x0000000795580000, 0x00000007ae100000, 0x00000007c0000000)
  eden space 222208K, 0% used [0x0000000795580000,0x0000000795580000,0x00000007a2e80000)
  from space 9216K, 98% used [0x00000007acd00000,0x00000007ad5dbd08,0x00000007ad600000)
  to   space 11264K, 0% used [0x00000007ad600000,0x00000007ad600000,0x00000007ae100000)
 ParOldGen       total 48640K, used 10850K [0x0000000740000000, 0x0000000742f80000, 0x0000000795580000)
  object space 48640K, 22% used [0x0000000740000000,0x0000000740a98828,0x0000000742f80000)
 Metaspace       used 22010K, capacity 22502K, committed 22784K, reserved 1069056K
  class space    used 3124K, capacity 3270K, committed 3328K, reserved 1048576K
}
Event: 1337.878 GC heap before
{Heap before GC invocations=23 (full 5):
 PSYoungGen      total 231424K, used 229075K [0x0000000795580000, 0x00000007ae100000, 0x00000007c0000000)
  eden space 222208K, 99% used [0x0000000795580000,0x00000007a2c591f8,0x00000007a2e80000)
  from space 9216K, 98% used [0x00000007acd00000,0x00000007ad5dbd08,0x00000007ad600000)
  to   space 11264K, 0% used [0x00000007ad600000,0x00000007ad600000,0x00000007ae100000)
 ParOldGen       total 48640K, used 10850K [0x0000000740000000, 0x0000000742f80000, 0x0000000795580000)
  object space 48640K, 22% used [0x0000000740000000,0x0000000740a98828,0x0000000742f80000)
 Metaspace       used 22017K, capacity 22502K, committed 22784K, reserved 1069056K
  class space    used 3124K, capacity 3270K, committed 3328K, reserved 1048576K
Event: 1337.884 GC heap after
Heap after GC invocations=23 (full 5):
 PSYoungGen      total 222208K, used 8830K [0x0000000795580000, 0x00000007adf00000, 0x00000007c0000000)
  eden space 212992K, 0% used [0x0000000795580000,0x0000000795580000,0x00000007a2580000)
  from space 9216K, 95% used [0x00000007ad600000,0x00000007ade9f968,0x00000007adf00000)
  to   space 15872K, 0% used [0x00000007ac000000,0x00000007ac000000,0x00000007acf80000)
 ParOldGen       total 48640K, used 11130K [0x0000000740000000, 0x0000000742f80000, 0x0000000795580000)
  object space 48640K, 22% used [0x0000000740000000,0x0000000740ade868,0x0000000742f80000)
 Metaspace       used 22017K, capacity 22502K, committed 22784K, reserved 1069056K
  class space    used 3124K, capacity 3270K, committed 3328K, reserved 1048576K
}
Event: 2192.369 GC heap before
{Heap before GC invocations=24 (full 5):
 PSYoungGen      total 222208K, used 221251K [0x0000000795580000, 0x00000007adf00000, 0x00000007c0000000)
  eden space 212992K, 99% used [0x0000000795580000,0x00000007a24f1598,0x00000007a2580000)
  from space 9216K, 95% used [0x00000007ad600000,0x00000007ade9f968,0x00000007adf00000)
  to   space 15872K, 0% used [0x00000007ac000000,0x00000007ac000000,0x00000007acf80000)
 ParOldGen       total 48640K, used 11130K [0x0000000740000000, 0x0000000742f80000, 0x0000000795580000)
  object space 48640K, 22% used [0x0000000740000000,0x0000000740ade868,0x0000000742f80000)
 Metaspace       used 22278K, capacity 22774K, committed 23040K, reserved 1069056K
  class space    used 3127K, capacity 3270K, committed 3328K, reserved 1048576K
Event: 2192.379 GC heap after
Heap after GC invocations=24 (full 5):
 PSYoungGen      total 219648K, used 15269K [0x0000000795580000, 0x00000007ad680000, 0x00000007c0000000)
  eden space 204288K, 0% used [0x0000000795580000,0x0000000795580000,0x00000007a1d00000)
  from space 15360K, 99% used [0x00000007ac000000,0x00000007acee9438,0x00000007acf00000)
  to   space 7680K, 0% used [0x00000007acf00000,0x00000007acf00000,0x00000007ad680000)
 ParOldGen       total 48640K, used 23575K [0x0000000740000000, 0x0000000742f80000, 0x0000000795580000)
  object space 48640K, 48% used [0x0000000740000000,0x0000000741705e08,0x0000000742f80000)
 Metaspace       used 22278K, capacity 22774K, committed 23040K, reserved 1069056K
  class space    used 3127K, capacity 3270K, committed 3328K, reserved 1048576K
}

